<?xml version="1.0" encoding="UTF-8"?>
<!-- Generated by org.testng.reporters.JUnitReportReporter -->
<testsuite hostname="DESKTOP-GRER8SB" failures="0" tests="1" name="PetstoreSwagger.AddPet" time="6.698" errors="0" timestamp="2024-07-24T22:03:45 IST" skipped="0">
  <testcase classname="PetstoreSwagger.AddPet" name="Add_Pet" time="6.698"/>
  <system-out/>
</testsuite> <!-- PetstoreSwagger.AddPet -->
