<?xml version="1.0" encoding="UTF-8"?>
<!-- Generated by org.testng.reporters.JUnitReportReporter -->
<testsuite hostname="DESKTOP-GRER8SB" failures="0" tests="1" name="BasicRequests.PostUserCreate" time="4.950" errors="0" timestamp="2024-07-21T00:35:59 IST" skipped="0">
  <testcase classname="BasicRequests.PostUserCreate" name="userCreate" time="4.950"/>
  <system-out/>
</testsuite> <!-- BasicRequests.PostUserCreate -->
