<?xml version="1.0" encoding="UTF-8"?>
<!-- Generated by org.testng.reporters.JUnitReportReporter -->
<testsuite hostname="DESKTOP-GRER8SB" failures="0" tests="1" name="BasicRequests.GetHeader_response" time="4.351" errors="0" timestamp="2024-07-24T14:19:51 IST" skipped="0">
  <testcase classname="BasicRequests.GetHeader_response" name="GetHeaderfromResponse" time="4.351"/>
  <system-out/>
</testsuite> <!-- BasicRequests.GetHeader_response -->
