<?xml version="1.0" encoding="UTF-8"?>
<!-- Generated by org.testng.reporters.JUnitReportReporter -->
<testsuite hostname="DESKTOP-GRER8SB" failures="0" tests="1" name="BasicRequests.PatchUpdateuser" time="4.536" errors="0" timestamp="2024-07-21T14:37:48 IST" skipped="0">
  <testcase classname="BasicRequests.PatchUpdateuser" name="updateuserPatch" time="4.536"/>
  <system-out/>
</testsuite> <!-- BasicRequests.PatchUpdateuser -->
