<?xml version="1.0" encoding="UTF-8"?>
<!-- Generated by org.testng.reporters.JUnitReportReporter -->
<testsuite hostname="DESKTOP-GRER8SB" failures="0" tests="1" name="BasicRequests.GetUser" time="3.800" errors="0" timestamp="2024-07-20T16:34:12 IST" skipped="0">
  <testcase classname="BasicRequests.GetUser" name="GetUser" time="3.800"/>
  <system-out/>
</testsuite> <!-- BasicRequests.GetUser -->
