<?xml version="1.0" encoding="UTF-8"?>
<!-- Generated by org.testng.reporters.JUnitReportReporter -->
<testsuite hostname="DESKTOP-GRER8SB" failures="0" tests="1" name="PetstoreSwagger.GetPetbyId" time="6.662" errors="0" timestamp="2024-08-03T22:33:33 IST" skipped="0">
  <testcase classname="PetstoreSwagger.GetPetbyId" name="getPet" time="6.662"/>
  <system-out/>
</testsuite> <!-- PetstoreSwagger.GetPetbyId -->
