<?xml version="1.0" encoding="UTF-8"?>
<!-- Generated by org.testng.reporters.JUnitReportReporter -->
<testsuite hostname="DESKTOP-GRER8SB" failures="0" tests="1" name="BasicRequests.HandleComplexJsonpath" time="0.033" errors="0" timestamp="2024-07-26T23:08:51 IST" skipped="0">
  <testcase classname="BasicRequests.HandleComplexJsonpath" name="handleComplexjson" time="0.033"/>
  <system-out/>
</testsuite> <!-- BasicRequests.HandleComplexJsonpath -->
