<?xml version="1.0" encoding="UTF-8"?>
<!-- Generated by org.testng.reporters.JUnitReportReporter -->
<testsuite hostname="DESKTOP-GRER8SB" failures="0" tests="1" name="BasicRequests.DeleteUser" time="3.660" errors="0" timestamp="2024-07-21T14:42:30 IST" skipped="0">
  <testcase classname="BasicRequests.DeleteUser" name="userdelt" time="3.660"/>
  <system-out/>
</testsuite> <!-- BasicRequests.DeleteUser -->
