<?xml version="1.0" encoding="UTF-8"?>
<!-- Generated by org.testng.reporters.JUnitReportReporter -->
<testsuite hostname="DESKTOP-GRER8SB" failures="0" tests="1" name="BasicRequests.GetUserList" time="4.535" errors="0" timestamp="2024-07-20T18:27:14 IST" skipped="0">
  <testcase classname="BasicRequests.GetUserList" name="getUserList" time="4.535"/>
  <system-out/>
</testsuite> <!-- BasicRequests.GetUserList -->
