<?xml version="1.0" encoding="UTF-8"?>
<!-- Generated by org.testng.reporters.JUnitReportReporter -->
<testsuite hostname="DESKTOP-GRER8SB" failures="0" tests="1" name="BasicRequests.GetWorkspaces" time="4.285" errors="0" timestamp="2024-07-23T20:42:22 IST" skipped="0">
  <testcase classname="BasicRequests.GetWorkspaces" name="getWorkspace" time="4.285"/>
  <system-out/>
</testsuite> <!-- BasicRequests.GetWorkspaces -->
