<?xml version="1.0" encoding="UTF-8"?>
<!-- Generated by org.testng.reporters.JUnitReportReporter -->
<testsuite hostname="DESKTOP-GRER8SB" failures="0" tests="1" name="assignments.FetchResposeHeader" time="5.006" errors="0" timestamp="2024-07-24T14:15:20 IST" skipped="0">
  <testcase classname="assignments.FetchResposeHeader" name="getHeader" time="5.006"/>
  <system-out/>
</testsuite> <!-- assignments.FetchResposeHeader -->
