<?xml version="1.0" encoding="UTF-8"?>
<!-- Generated by org.testng.reporters.JUnitReportReporter -->
<testsuite hostname="DESKTOP-GRER8SB" failures="0" tests="1" name="BasicRequests.PutUpdateUser" time="4.711" errors="0" timestamp="2024-07-21T00:58:03 IST" skipped="0">
  <testcase classname="BasicRequests.PutUpdateUser" name="updateUser" time="4.711"/>
  <system-out/>
</testsuite> <!-- BasicRequests.PutUpdateUser -->
